<?xml version="1.0" encoding="UTF-8"?>
<!-- Generated by org.testng.reporters.JUnitReportReporter -->
<testsuite skipped="0" hostname="DESKTOP-GNCD706" name="tests.TestSearchResultsOfPage2EqualsPage3" tests="1" failures="0" timestamp="2022-08-27T12:44:52 EET" time="3.362" errors="0">
  <testcase name="searchResultsOfPage2EqualsPage3Test" time="3.362" classname="tests.TestSearchResultsOfPage2EqualsPage3"/>
  <system-out/>
</testsuite> <!-- tests.TestSearchResultsOfPage2EqualsPage3 -->
